<?xml version="1.0" encoding="UTF-8"?>
<!-- Generated by org.testng.reporters.JUnitReportReporter -->
<testsuite hostname="Admin-PC" name="NewTest" tests="1" failures="0" timestamp="7 Mar 2017 04:49:41 GMT" time="0.013" errors="0">
  <testcase name="f" time="0.013" classname="NewTest"/>
</testsuite> <!-- NewTest -->
