<?xml version="1.0" encoding="UTF-8"?>
<!-- Generated by org.testng.reporters.JUnitReportReporter -->
<testsuite hostname="Admin-PC" name="JenkinsD.NewTest" tests="1" failures="0" timestamp="12 May 2017 20:00:05 GMT" time="0.024" errors="0">
  <testcase name="f" time="0.024" classname="JenkinsD.NewTest"/>
</testsuite> <!-- JenkinsD.NewTest -->
